# JRE version: Java(TM) SE Runtime Environment (8.0_212-b10) (build 1.8.0_212-b10)
# Java VM: Java HotSpot(TM) 64-Bit Server VM (25.212-b10 mixed mode windows-amd64 compressed oops)
Heap:
 PSYoungGen      total 118272K, used 58604K [0x00000000f5580000, 0x00000000ffd00000, 0x0000000100000000)
  eden space 68096K, 82% used [0x00000000f5580000,0x00000000f8c873c8,0x00000000f9800000)
  from space 50176K, 4% used [0x00000000f9800000,0x00000000f9a34020,0x00000000fc900000)
  to   space 48640K, 0% used [0x00000000fcd80000,0x00000000fcd80000,0x00000000ffd00000)
 ParOldGen       total 341504K, used 215317K [0x00000000e0000000, 0x00000000f4d80000, 0x00000000f5580000)
  object space 341504K, 63% used [0x00000000e0000000,0x00000000ed245480,0x00000000f4d80000)
 Metaspace       used 33669K, capacity 34448K, committed 34560K, reserved 1079296K
  class space    used 3656K, capacity 3838K, committed 3840K, reserved 1048576K
GC Heap History (10 events):
Event: 23.719 GC heap before
{Heap before GC invocations=79 (full 4):
 PSYoungGen      total 115200K, used 60564K [0x00000000f5580000, 0x0000000100000000, 0x0000000100000000)
  eden space 58880K, 100% used [0x00000000f5580000,0x00000000f8f00000,0x00000000f8f00000)
  from space 56320K, 2% used [0x00000000fc600000,0x00000000fc7a5010,0x00000000ffd00000)
  to   space 56320K, 0% used [0x00000000f8f00000,0x00000000f8f00000,0x00000000fc600000)
 ParOldGen       total 341504K, used 214313K [0x00000000e0000000, 0x00000000f4d80000, 0x00000000f5580000)
  object space 341504K, 62% used [0x00000000e0000000,0x00000000ed14a470,0x00000000f4d80000)
 Metaspace       used 33664K, capacity 34384K, committed 34560K, reserved 1079296K
  class space    used 3656K, capacity 3838K, committed 3840K, reserved 1048576K
Event: 23.732 GC heap after
Heap after GC invocations=79 (full 4):
 PSYoungGen      total 115200K, used 2640K [0x00000000f5580000, 0x00000000fff00000, 0x0000000100000000)
  eden space 58880K, 0% used [0x00000000f5580000,0x00000000f5580000,0x00000000f8f00000)
  from space 56320K, 4% used [0x00000000f8f00000,0x00000000f9194020,0x00000000fc600000)
  to   space 55808K, 0% used [0x00000000fc880000,0x00000000fc880000,0x00000000fff00000)
 ParOldGen       total 341504K, used 214533K [0x00000000e0000000, 0x00000000f4d80000, 0x00000000f5580000)
  object space 341504K, 62% used [0x00000000e0000000,0x00000000ed181480,0x00000000f4d80000)
 Metaspace       used 33664K, capacity 34384K, committed 34560K, reserved 1079296K
  class space    used 3656K, capacity 3838K, committed 3840K, reserved 1048576K
}
Event: 24.002 GC heap before
{Heap before GC invocations=80 (full 4):
 PSYoungGen      total 115200K, used 61520K [0x00000000f5580000, 0x00000000fff00000, 0x0000000100000000)
  eden space 58880K, 100% used [0x00000000f5580000,0x00000000f8f00000,0x00000000f8f00000)
  from space 56320K, 4% used [0x00000000f8f00000,0x00000000f9194020,0x00000000fc600000)
  to   space 55808K, 0% used [0x00000000fc880000,0x00000000fc880000,0x00000000fff00000)
 ParOldGen       total 341504K, used 214533K [0x00000000e0000000, 0x00000000f4d80000, 0x00000000f5580000)
  object space 341504K, 62% used [0x00000000e0000000,0x00000000ed181480,0x00000000f4d80000)
 Metaspace       used 33666K, capacity 34448K, committed 34560K, reserved 1079296K
  class space    used 3656K, capacity 3838K, committed 3840K, reserved 1048576K
Event: 24.015 GC heap after
Heap after GC invocations=80 (full 4):
 PSYoungGen      total 115712K, used 3984K [0x00000000f5580000, 0x00000000ffc80000, 0x0000000100000000)
  eden space 62464K, 0% used [0x00000000f5580000,0x00000000f5580000,0x00000000f9280000)
  from space 53248K, 7% used [0x00000000fc880000,0x00000000fcc64040,0x00000000ffc80000)
  to   space 54272K, 0% used [0x00000000f9280000,0x00000000f9280000,0x00000000fc780000)
 ParOldGen       total 341504K, used 215317K [0x00000000e0000000, 0x00000000f4d80000, 0x00000000f5580000)
  object space 341504K, 63% used [0x00000000e0000000,0x00000000ed245480,0x00000000f4d80000)
 Metaspace       used 33666K, capacity 34448K, committed 34560K, reserved 1079296K
  class space    used 3656K, capacity 3838K, committed 3840K, reserved 1048576K
}
Event: 24.245 GC heap before
{Heap before GC invocations=81 (full 4):
 PSYoungGen      total 115712K, used 66448K [0x00000000f5580000, 0x00000000ffc80000, 0x0000000100000000)
  eden space 62464K, 100% used [0x00000000f5580000,0x00000000f9280000,0x00000000f9280000)
  from space 53248K, 7% used [0x00000000fc880000,0x00000000fcc64040,0x00000000ffc80000)
  to   space 54272K, 0% used [0x00000000f9280000,0x00000000f9280000,0x00000000fc780000)
 ParOldGen       total 341504K, used 215317K [0x00000000e0000000, 0x00000000f4d80000, 0x00000000f5580000)
  object space 341504K, 63% used [0x00000000e0000000,0x00000000ed245480,0x00000000f4d80000)
 Metaspace       used 33666K, capacity 34448K, committed 34560K, reserved 1079296K
  class space    used 3656K, capacity 3838K, committed 3840K, reserved 1048576K
Event: 24.261 GC heap after
Heap after GC invocations=81 (full 4):
 PSYoungGen      total 116736K, used 12880K [0x00000000f5580000, 0x00000000ffb00000, 0x0000000100000000)
  eden space 62464K, 0% used [0x00000000f5580000,0x00000000f5580000,0x00000000f9280000)
  from space 54272K, 23% used [0x00000000f9280000,0x00000000f9f14090,0x00000000fc780000)
  to   space 51200K, 0% used [0x00000000fc900000,0x00000000fc900000,0x00000000ffb00000)
 ParOldGen       total 341504K, used 215317K [0x00000000e0000000, 0x00000000f4d80000, 0x00000000f5580000)
  object space 341504K, 63% used [0x00000000e0000000,0x00000000ed245480,0x00000000f4d80000)
 Metaspace       used 33666K, capacity 34448K, committed 34560K, reserved 1079296K
  class space    used 3656K, capacity 3838K, committed 3840K, reserved 1048576K
}
Event: 24.421 GC heap before
{Heap before GC invocations=82 (full 4):
 PSYoungGen      total 116736K, used 75344K [0x00000000f5580000, 0x00000000ffb00000, 0x0000000100000000)
  eden space 62464K, 100% used [0x00000000f5580000,0x00000000f9280000,0x00000000f9280000)
  from space 54272K, 23% used [0x00000000f9280000,0x00000000f9f14090,0x00000000fc780000)
  to   space 51200K, 0% used [0x00000000fc900000,0x00000000fc900000,0x00000000ffb00000)
 ParOldGen       total 341504K, used 215317K [0x00000000e0000000, 0x00000000f4d80000, 0x00000000f5580000)
  object space 341504K, 63% used [0x00000000e0000000,0x00000000ed245480,0x00000000f4d80000)
 Metaspace       used 33666K, capacity 34448K, committed 34560K, reserved 1079296K
  class space    used 3656K, capacity 3838K, committed 3840K, reserved 1048576K
Event: 24.428 GC heap after
Heap after GC invocations=82 (full 4):
 PSYoungGen      total 118272K, used 1872K [0x00000000f5580000, 0x00000000ffa00000, 0x0000000100000000)
  eden space 68096K, 0% used [0x00000000f5580000,0x00000000f5580000,0x00000000f9800000)
  from space 50176K, 3% used [0x00000000fc900000,0x00000000fcad4010,0x00000000ffa00000)
  to   space 50176K, 0% used [0x00000000f9800000,0x00000000f9800000,0x00000000fc900000)
 ParOldGen       total 341504K, used 215317K [0x00000000e0000000, 0x00000000f4d80000, 0x00000000f5580000)
  object space 341504K, 63% used [0x00000000e0000000,0x00000000ed245480,0x00000000f4d80000)
 Metaspace       used 33666K, capacity 34448K, committed 34560K, reserved 1079296K
  class space    used 3656K, capacity 3838K, committed 3840K, reserved 1048576K
}
Event: 24.599 GC heap before
{Heap before GC invocations=83 (full 4):
 PSYoungGen      total 118272K, used 69968K [0x00000000f5580000, 0x00000000ffa00000, 0x0000000100000000)
  eden space 68096K, 100% used [0x00000000f5580000,0x00000000f9800000,0x00000000f9800000)
  from space 50176K, 3% used [0x00000000fc900000,0x00000000fcad4010,0x00000000ffa00000)
  to   space 50176K, 0% used [0x00000000f9800000,0x00000000f9800000,0x00000000fc900000)
 ParOldGen       total 341504K, used 215317K [0x00000000e0000000, 0x00000000f4d80000, 0x00000000f5580000)
  object space 341504K, 63% used [0x00000000e0000000,0x00000000ed245480,0x00000000f4d80000)
 Metaspace       used 33666K, capacity 34448K, committed 34560K, reserved 1079296K
  class space    used 3656K, capacity 3838K, committed 3840K, reserved 1048576K
Event: 24.610 GC heap after
Heap after GC invocations=83 (full 4):
 PSYoungGen      total 118272K, used 2256K [0x00000000f5580000, 0x00000000ffd00000, 0x0000000100000000)
  eden space 68096K, 0% used [0x00000000f5580000,0x00000000f5580000,0x00000000f9800000)
  from space 50176K, 4% used [0x00000000f9800000,0x00000000f9a34020,0x00000000fc900000)
  to   space 48640K, 0% used [0x00000000fcd80000,0x00000000fcd80000,0x00000000ffd00000)
 ParOldGen       total 341504K, used 215317K [0x00000000e0000000, 0x00000000f4d80000, 0x00000000f5580000)
  object space 341504K, 63% used [0x00000000e0000000,0x00000000ed245480,0x00000000f4d80000)
 Metaspace       used 33666K, capacity 34448K, committed 34560K, reserved 1079296K
  class space    used 3656K, capacity 3838K, committed 3840K, reserved 1048576K
}

